Arguments: 
  D:\Software\code\Node js\install file\node.exe D:\programing\softwear file\yarn\yarn install file\bin\yarn.js init

PATH: 
  C:\Users\Asus\AppData\Local\Programs\Python\Python310\Scripts\;C:\Users\Asus\AppData\Local\Programs\Python\Python310\;C:\Python310\Scripts\;C:\Python310\;C:\WINDOWS\system32;C:\WINDOWS;C:\WINDOWS\System32\Wbem;C:\WINDOWS\System32\WindowsPowerShell\v1.0\;C:\WINDOWS\System32\OpenSSH\;D:\Software\code\Node js\install file\;C:\ProgramData\chocolatey\bin;D:\Software\code\Github\install file\Git\cmd;D:\programing\softwear file\yarn\yarn install file\bin\;D:\programing\softwear file\Python310\python install file\Scripts\;D:\programing\softwear file\Python310\python install file\;C:\Users\Asus\AppData\Local\Microsoft\WindowsApps;C:\Users\Asus\AppData\Roaming\npm;D:\programing\softwear file\code\visual studio\New folder\Microsoft VS Code\bin;D:\programing\Complete web development\project\Backend-&-Database-Intigrate-Milestone-11\Modiul-64\my-app\node_modules\.bin;C:\Users\Asus\AppData\Local\Yarn\bin;D:\programing\softwear file\Heroku\heroku install file\heroku\bin

Yarn version: 
  1.22.18

Node version: 
  16.13.1

Platform: 
  win32 x64

Trace: 
  Error: canceled
      at Interface.<anonymous> (D:\programing\softwear file\yarn\yarn install file\lib\cli.js:137143:13)
      at Interface.emit (node:events:390:28)
      at Interface._ttyWrite (node:readline:1081:16)
      at ReadStream.onkeypress (node:readline:288:10)
      at ReadStream.emit (node:events:390:28)
      at emitKeys (node:internal/readline/utils:358:14)
      at emitKeys.next (<anonymous>)
      at ReadStream.onData (node:internal/readline/emitKeypressEvents:61:36)
      at ReadStream.emit (node:events:390:28)
      at addChunk (node:internal/streams/readable:315:12)

npm manifest: 
  {
    "name": "Redux",
    "version": "1.0.0",
    "main": "index.js",
    "license": "MIT"
  }

yarn manifest: 
  No manifest

Lockfile: 
  # THIS IS AN AUTOGENERATED FILE. DO NOT EDIT THIS FILE DIRECTLY.
  # yarn lockfile v1
